f:\private mmo\republic project\12. republic anti cheat\oblivioneye\oblivion_client\debug\oblivion_client.pch
f:\private mmo\republic project\12. republic anti cheat\oblivioneye\oblivion_client\debug\vc143.pdb
f:\private mmo\republic project\12. republic anti cheat\oblivioneye\oblivion_client\debug\vc143.idb
f:\private mmo\republic project\12. republic anti cheat\oblivioneye\oblivion_client\debug\pch.obj
f:\private mmo\republic project\12. republic anti cheat\oblivioneye\oblivion_client\debug\integritychunkwhitelist.obj
f:\private mmo\republic project\12. republic anti cheat\oblivioneye\oblivion_client\debug\iathookchecker.obj
f:\private mmo\republic project\12. republic anti cheat\oblivioneye\oblivion_client\debug\hwid.obj
f:\private mmo\republic project\12. republic anti cheat\oblivioneye\oblivion_client\debug\hijackedthreaddetector.obj
f:\private mmo\republic project\12. republic anti cheat\oblivioneye\oblivion_client\debug\heartbeat.obj
f:\private mmo\republic project\12. republic anti cheat\oblivioneye\oblivion_client\debug\handleprotection.obj
f:\private mmo\republic project\12. republic anti cheat\oblivioneye\oblivion_client\debug\gdi32integrity.obj
f:\private mmo\republic project\12. republic anti cheat\oblivioneye\oblivion_client\debug\fileintegrity.obj
f:\private mmo\republic project\12. republic anti cheat\oblivioneye\oblivion_client\debug\eventreporter.obj
f:\private mmo\republic project\12. republic anti cheat\oblivioneye\oblivion_client\debug\driverscanner.obj
f:\private mmo\republic project\12. republic anti cheat\oblivioneye\oblivion_client\debug\driverblacklist.obj
f:\private mmo\republic project\12. republic anti cheat\oblivioneye\oblivion_client\debug\digitalsignaturescanner.obj
f:\private mmo\republic project\12. republic anti cheat\oblivioneye\oblivion_client\debug\digitalsignature.obj
f:\private mmo\republic project\12. republic anti cheat\oblivioneye\oblivion_client\debug\blacklist.obj
f:\private mmo\republic project\12. republic anti cheat\oblivioneye\oblivion_client\debug\antitestmode.obj
f:\private mmo\republic project\12. republic anti cheat\oblivioneye\oblivion_client\debug\antisuspend.obj
f:\private mmo\republic project\12. republic anti cheat\oblivioneye\oblivion_client\debug\antiinjection.obj
f:\private mmo\republic project\12. republic anti cheat\oblivioneye\oblivion_client\debug\antidebug.obj
f:\private mmo\republic project\12. republic anti cheat\oblivioneye\oblivion_client\debug\user32integrity.obj
f:\private mmo\republic project\12. republic anti cheat\oblivioneye\oblivion_client\debug\threadregistry.obj
f:\private mmo\republic project\12. republic anti cheat\oblivioneye\oblivion_client\debug\testmodespoofchecker.obj
f:\private mmo\republic project\12. republic anti cheat\oblivioneye\oblivion_client\debug\tcpclient.obj
f:\private mmo\republic project\12. republic anti cheat\oblivioneye\oblivion_client\debug\signaturetrust.obj
f:\private mmo\republic project\12. republic anti cheat\oblivioneye\oblivion_client\debug\signaturescanner.obj
f:\private mmo\republic project\12. republic anti cheat\oblivioneye\oblivion_client\debug\signatures.obj
f:\private mmo\republic project\12. republic anti cheat\oblivioneye\oblivion_client\debug\runtimestats.obj
f:\private mmo\republic project\12. republic anti cheat\oblivioneye\oblivion_client\debug\publisherwhitelist.obj
f:\private mmo\republic project\12. republic anti cheat\oblivioneye\oblivion_client\debug\prologhookchecker.obj
f:\private mmo\republic project\12. republic anti cheat\oblivioneye\oblivion_client\debug\processwatcher.obj
f:\private mmo\republic project\12. republic anti cheat\oblivioneye\oblivion_client\debug\policymanager.obj
f:\private mmo\republic project\12. republic anti cheat\oblivioneye\oblivion_client\debug\pipecommandclient.obj
f:\private mmo\republic project\12. republic anti cheat\oblivioneye\oblivion_client\debug\pipeclient.obj
f:\private mmo\republic project\12. republic anti cheat\oblivioneye\oblivion_client\debug\overlayscanner.obj
f:\private mmo\republic project\12. republic anti cheat\oblivioneye\oblivion_client\debug\overlayblacklist.obj
f:\private mmo\republic project\12. republic anti cheat\oblivioneye\oblivion_client\debug\ntdllintegrity.obj
f:\private mmo\republic project\12. republic anti cheat\oblivioneye\oblivion_client\debug\moduleblacklist.obj
f:\private mmo\republic project\12. republic anti cheat\oblivioneye\oblivion_client\debug\logger.obj
f:\private mmo\republic project\12. republic anti cheat\oblivioneye\oblivion_client\debug\kernel32integrity.obj
f:\private mmo\republic project\12. republic anti cheat\oblivioneye\oblivion_client\debug\utils.obj
f:\private mmo\republic project\12. republic anti cheat\oblivioneye\oblivion_client\debug\detectorscheduler.obj
f:\private mmo\republic project\12. republic anti cheat\oblivioneye\oblivion_client\debug\dllmain.obj
f:\private mmo\republic project\12. republic anti cheat\oblivioneye\debug\oblivion_client.dll
f:\private mmo\republic project\12. republic anti cheat\oblivioneye\debug\oblivion_client.pdb
f:\private mmo\republic project\12. republic anti cheat\oblivioneye\debug\oblivion_client.lib
f:\private mmo\republic project\12. republic anti cheat\oblivioneye\debug\oblivion_client.exp
f:\private mmo\republic project\12. republic anti cheat\oblivioneye\oblivion_client\debug\oblivion_client.ilk
f:\private mmo\republic project\12. republic anti cheat\oblivioneye\oblivion_client\debug\oblivion_client.tlog\cl.command.1.tlog
f:\private mmo\republic project\12. republic anti cheat\oblivioneye\oblivion_client\debug\oblivion_client.tlog\cl.items.tlog
f:\private mmo\republic project\12. republic anti cheat\oblivioneye\oblivion_client\debug\oblivion_client.tlog\cl.read.1.tlog
f:\private mmo\republic project\12. republic anti cheat\oblivioneye\oblivion_client\debug\oblivion_client.tlog\cl.write.1.tlog
f:\private mmo\republic project\12. republic anti cheat\oblivioneye\oblivion_client\debug\oblivion_client.tlog\link.command.1.tlog
f:\private mmo\republic project\12. republic anti cheat\oblivioneye\oblivion_client\debug\oblivion_client.tlog\link.read.1.tlog
f:\private mmo\republic project\12. republic anti cheat\oblivioneye\oblivion_client\debug\oblivion_client.tlog\link.secondary.1.tlog
f:\private mmo\republic project\12. republic anti cheat\oblivioneye\oblivion_client\debug\oblivion_client.tlog\link.write.1.tlog
