f:\private mmo\republic project\12. republic anti cheat\oblivioneye\client\debug\client.pch
f:\private mmo\republic project\12. republic anti cheat\oblivioneye\client\debug\vc143.pdb
f:\private mmo\republic project\12. republic anti cheat\oblivioneye\client\debug\vc143.idb
f:\private mmo\republic project\12. republic anti cheat\oblivioneye\client\debug\pch.obj
f:\private mmo\republic project\12. republic anti cheat\oblivioneye\client\debug\utils.obj
f:\private mmo\republic project\12. republic anti cheat\oblivioneye\client\debug\process_watcher.obj
f:\private mmo\republic project\12. republic anti cheat\oblivioneye\client\debug\overlay_scanner.obj
f:\private mmo\republic project\12. republic anti cheat\oblivioneye\client\debug\logger.obj
f:\private mmo\republic project\12. republic anti cheat\oblivioneye\client\debug\injection_scanner.obj
f:\private mmo\republic project\12. republic anti cheat\oblivioneye\client\debug\anti_suspend.obj
f:\private mmo\republic project\12. republic anti cheat\oblivioneye\client\debug\anti_debug.obj
f:\private mmo\republic project\12. republic anti cheat\oblivioneye\client\debug\dllmain.obj
f:\private mmo\republic project\12. republic anti cheat\oblivioneye\debug\client.dll
f:\private mmo\republic project\12. republic anti cheat\oblivioneye\debug\client.pdb
f:\private mmo\republic project\12. republic anti cheat\oblivioneye\debug\client.lib
f:\private mmo\republic project\12. republic anti cheat\oblivioneye\debug\client.exp
f:\private mmo\republic project\12. republic anti cheat\oblivioneye\client\debug\client.ilk
f:\private mmo\republic project\12. republic anti cheat\oblivioneye\client\debug\client.vcxproj.cppwinrt_comp.rsp
f:\private mmo\republic project\12. republic anti cheat\oblivioneye\client\debug\client.vcxproj.cppwinrt_plat.rsp
f:\private mmo\republic project\12. republic anti cheat\oblivioneye\client\debug\client.vcxproj.mdmerge.rsp
f:\private mmo\republic project\12. republic anti cheat\oblivioneye\client\debug\client.vcxproj.midlrt.rsp
f:\private mmo\republic project\12. republic anti cheat\oblivioneye\client\debug\client.tlog\cl.command.1.tlog
f:\private mmo\republic project\12. republic anti cheat\oblivioneye\client\debug\client.tlog\cl.items.tlog
f:\private mmo\republic project\12. republic anti cheat\oblivioneye\client\debug\client.tlog\cl.read.1.tlog
f:\private mmo\republic project\12. republic anti cheat\oblivioneye\client\debug\client.tlog\cl.write.1.tlog
f:\private mmo\republic project\12. republic anti cheat\oblivioneye\client\debug\client.tlog\link.command.1.tlog
f:\private mmo\republic project\12. republic anti cheat\oblivioneye\client\debug\client.tlog\link.read.1.tlog
f:\private mmo\republic project\12. republic anti cheat\oblivioneye\client\debug\client.tlog\link.secondary.1.tlog
f:\private mmo\republic project\12. republic anti cheat\oblivioneye\client\debug\client.tlog\link.write.1.tlog
