f:\private mmo\republic project\12. republic anti cheat\oblivioneye\oblivioneye_client\debug\oblivioneye_client.pch
f:\private mmo\republic project\12. republic anti cheat\oblivioneye\oblivioneye_client\debug\vc143.pdb
f:\private mmo\republic project\12. republic anti cheat\oblivioneye\oblivioneye_client\debug\vc143.idb
f:\private mmo\republic project\12. republic anti cheat\oblivioneye\oblivioneye_client\debug\pch.obj
f:\private mmo\republic project\12. republic anti cheat\oblivioneye\oblivioneye_client\debug\signaturevalidator.obj
f:\private mmo\republic project\12. republic anti cheat\oblivioneye\oblivioneye_client\debug\servercommunication.obj
f:\private mmo\republic project\12. republic anti cheat\oblivioneye\oblivioneye_client\debug\processwatcher.obj
f:\private mmo\republic project\12. republic anti cheat\oblivioneye\oblivioneye_client\debug\overlayscanner.obj
f:\private mmo\republic project\12. republic anti cheat\oblivioneye\oblivioneye_client\debug\memoryscanner.obj
f:\private mmo\republic project\12. republic anti cheat\oblivioneye\oblivioneye_client\debug\logger.obj
f:\private mmo\republic project\12. republic anti cheat\oblivioneye\oblivioneye_client\debug\injectionscanner.obj
f:\private mmo\republic project\12. republic anti cheat\oblivioneye\oblivioneye_client\debug\iathookscanner.obj
f:\private mmo\republic project\12. republic anti cheat\oblivioneye\oblivioneye_client\debug\hwidsystem.obj
f:\private mmo\republic project\12. republic anti cheat\oblivioneye\oblivioneye_client\debug\hijackdetector.obj
f:\private mmo\republic project\12. republic anti cheat\oblivioneye\oblivioneye_client\debug\fileintegritychecker.obj
f:\private mmo\republic project\12. republic anti cheat\oblivioneye\oblivioneye_client\debug\encryptionhandler.obj
f:\private mmo\republic project\12. republic anti cheat\oblivioneye\oblivioneye_client\debug\detectioncontroller.obj
f:\private mmo\republic project\12. republic anti cheat\oblivioneye\oblivioneye_client\debug\blacklist.obj
f:\private mmo\republic project\12. republic anti cheat\oblivioneye\oblivioneye_client\debug\antisuspend.obj
f:\private mmo\republic project\12. republic anti cheat\oblivioneye\oblivioneye_client\debug\antidebug.obj
f:\private mmo\republic project\12. republic anti cheat\oblivioneye\oblivioneye_client\debug\dllmain.obj
f:\private mmo\republic project\12. republic anti cheat\oblivioneye\debug\oblivioneye_client.dll
f:\private mmo\republic project\12. republic anti cheat\oblivioneye\debug\oblivioneye_client.pdb
f:\private mmo\republic project\12. republic anti cheat\oblivioneye\debug\oblivioneye_client.lib
f:\private mmo\republic project\12. republic anti cheat\oblivioneye\debug\oblivioneye_client.exp
f:\private mmo\republic project\12. republic anti cheat\oblivioneye\oblivioneye_client\debug\oblivioneye_client.ilk
f:\private mmo\republic project\12. republic anti cheat\oblivioneye\oblivioneye_client\debug\oblivion.e07b5a19.tlog\cl.command.1.tlog
f:\private mmo\republic project\12. republic anti cheat\oblivioneye\oblivioneye_client\debug\oblivion.e07b5a19.tlog\cl.items.tlog
f:\private mmo\republic project\12. republic anti cheat\oblivioneye\oblivioneye_client\debug\oblivion.e07b5a19.tlog\cl.read.1.tlog
f:\private mmo\republic project\12. republic anti cheat\oblivioneye\oblivioneye_client\debug\oblivion.e07b5a19.tlog\cl.write.1.tlog
f:\private mmo\republic project\12. republic anti cheat\oblivioneye\oblivioneye_client\debug\oblivion.e07b5a19.tlog\link.command.1.tlog
f:\private mmo\republic project\12. republic anti cheat\oblivioneye\oblivioneye_client\debug\oblivion.e07b5a19.tlog\link.read.1.tlog
f:\private mmo\republic project\12. republic anti cheat\oblivioneye\oblivioneye_client\debug\oblivion.e07b5a19.tlog\link.secondary.1.tlog
f:\private mmo\republic project\12. republic anti cheat\oblivioneye\oblivioneye_client\debug\oblivion.e07b5a19.tlog\link.write.1.tlog
