f:\private mmo\republic project\12. republic anti cheat\oblivioneye\oblivioneyeclient\debug\oblivioneyeclient.pch
f:\private mmo\republic project\12. republic anti cheat\oblivioneye\oblivioneyeclient\debug\vc143.pdb
f:\private mmo\republic project\12. republic anti cheat\oblivioneye\oblivioneyeclient\debug\vc143.idb
f:\private mmo\republic project\12. republic anti cheat\oblivioneye\oblivioneyeclient\debug\pch.obj
f:\private mmo\republic project\12. republic anti cheat\oblivioneye\oblivioneyeclient\debug\utils.obj
f:\private mmo\republic project\12. republic anti cheat\oblivioneye\oblivioneyeclient\debug\processwatcher.obj
f:\private mmo\republic project\12. republic anti cheat\oblivioneye\oblivioneyeclient\debug\overlayscanner.obj
f:\private mmo\republic project\12. republic anti cheat\oblivioneye\oblivioneyeclient\debug\memoryscanner.obj
f:\private mmo\republic project\12. republic anti cheat\oblivioneye\oblivioneyeclient\debug\logger.obj
f:\private mmo\republic project\12. republic anti cheat\oblivioneye\oblivioneyeclient\debug\injectionscanner.obj
f:\private mmo\republic project\12. republic anti cheat\oblivioneye\oblivioneyeclient\debug\blacklist.obj
f:\private mmo\republic project\12. republic anti cheat\oblivioneye\oblivioneyeclient\debug\antidebug.obj
f:\private mmo\republic project\12. republic anti cheat\oblivioneye\oblivioneyeclient\debug\dllmain.obj
f:\private mmo\republic project\12. republic anti cheat\oblivioneye\debug\oblivioneyeclient.dll
f:\private mmo\republic project\12. republic anti cheat\oblivioneye\debug\oblivioneyeclient.pdb
f:\private mmo\republic project\12. republic anti cheat\oblivioneye\debug\oblivioneyeclient.lib
f:\private mmo\republic project\12. republic anti cheat\oblivioneye\debug\oblivioneyeclient.exp
f:\private mmo\republic project\12. republic anti cheat\oblivioneye\oblivioneyeclient\debug\oblivioneyeclient.ilk
f:\private mmo\republic project\12. republic anti cheat\oblivioneye\oblivioneyeclient\debug\oblivion.5e37a022.tlog\cl.command.1.tlog
f:\private mmo\republic project\12. republic anti cheat\oblivioneye\oblivioneyeclient\debug\oblivion.5e37a022.tlog\cl.items.tlog
f:\private mmo\republic project\12. republic anti cheat\oblivioneye\oblivioneyeclient\debug\oblivion.5e37a022.tlog\cl.read.1.tlog
f:\private mmo\republic project\12. republic anti cheat\oblivioneye\oblivioneyeclient\debug\oblivion.5e37a022.tlog\cl.write.1.tlog
f:\private mmo\republic project\12. republic anti cheat\oblivioneye\oblivioneyeclient\debug\oblivion.5e37a022.tlog\link.command.1.tlog
f:\private mmo\republic project\12. republic anti cheat\oblivioneye\oblivioneyeclient\debug\oblivion.5e37a022.tlog\link.read.1.tlog
f:\private mmo\republic project\12. republic anti cheat\oblivioneye\oblivioneyeclient\debug\oblivion.5e37a022.tlog\link.secondary.1.tlog
f:\private mmo\republic project\12. republic anti cheat\oblivioneye\oblivioneyeclient\debug\oblivion.5e37a022.tlog\link.write.1.tlog
